{"/Users/reeteshmac/Desktop/Personal-Projects/node-advanced/src/repository/mockCatalog.repository.ts": {"path":"/Users/reeteshmac/Desktop/Personal-Projects/node-advanced/src/repository/mockCatalog.repository.ts","all":false,"statementMap":{"0":{"start":{"line":1,"column":0},"end":{"line":1,"column":79}},"1":{"start":{"line":2,"column":0},"end":{"line":2,"column":0}},"2":{"start":{"line":3,"column":0},"end":{"line":3,"column":39}},"3":{"start":{"line":4,"column":0},"end":{"line":4,"column":0}},"4":{"start":{"line":5,"column":0},"end":{"line":5,"column":58}},"5":{"start":{"line":6,"column":0},"end":{"line":6,"column":50}},"6":{"start":{"line":7,"column":0},"end":{"line":7,"column":33}},"7":{"start":{"line":8,"column":0},"end":{"line":8,"column":25}},"8":{"start":{"line":9,"column":0},"end":{"line":9,"column":29}},"9":{"start":{"line":10,"column":0},"end":{"line":10,"column":14}},"10":{"start":{"line":11,"column":0},"end":{"line":11,"column":18}},"11":{"start":{"line":12,"column":0},"end":{"line":12,"column":31}},"12":{"start":{"line":13,"column":0},"end":{"line":13,"column":40}},"13":{"start":{"line":14,"column":0},"end":{"line":14,"column":4}},"14":{"start":{"line":15,"column":0},"end":{"line":15,"column":50}},"15":{"start":{"line":16,"column":0},"end":{"line":16,"column":74}},"16":{"start":{"line":17,"column":0},"end":{"line":17,"column":0}},"17":{"start":{"line":18,"column":0},"end":{"line":18,"column":23}},"18":{"start":{"line":19,"column":0},"end":{"line":19,"column":43}},"19":{"start":{"line":20,"column":0},"end":{"line":20,"column":5}},"20":{"start":{"line":21,"column":0},"end":{"line":21,"column":0}},"21":{"start":{"line":22,"column":0},"end":{"line":22,"column":23}},"22":{"start":{"line":23,"column":0},"end":{"line":23,"column":29}},"23":{"start":{"line":24,"column":0},"end":{"line":24,"column":5}},"24":{"start":{"line":25,"column":0},"end":{"line":25,"column":33}},"25":{"start":{"line":26,"column":0},"end":{"line":26,"column":4}},"26":{"start":{"line":27,"column":0},"end":{"line":27,"column":44}},"27":{"start":{"line":28,"column":0},"end":{"line":28,"column":69}},"28":{"start":{"line":29,"column":0},"end":{"line":29,"column":0}},"29":{"start":{"line":30,"column":0},"end":{"line":30,"column":23}},"30":{"start":{"line":31,"column":0},"end":{"line":31,"column":43}},"31":{"start":{"line":32,"column":0},"end":{"line":32,"column":5}},"32":{"start":{"line":33,"column":0},"end":{"line":33,"column":0}},"33":{"start":{"line":34,"column":0},"end":{"line":34,"column":23}},"34":{"start":{"line":35,"column":0},"end":{"line":35,"column":32}},"35":{"start":{"line":36,"column":0},"end":{"line":36,"column":5}},"36":{"start":{"line":37,"column":0},"end":{"line":37,"column":31}},"37":{"start":{"line":38,"column":0},"end":{"line":38,"column":4}},"38":{"start":{"line":39,"column":0},"end":{"line":39,"column":65}},"39":{"start":{"line":40,"column":0},"end":{"line":40,"column":58}},"40":{"start":{"line":41,"column":0},"end":{"line":41,"column":35}},"41":{"start":{"line":42,"column":0},"end":{"line":42,"column":4}},"42":{"start":{"line":43,"column":0},"end":{"line":43,"column":47}},"43":{"start":{"line":44,"column":0},"end":{"line":44,"column":65}},"44":{"start":{"line":45,"column":0},"end":{"line":45,"column":0}},"45":{"start":{"line":46,"column":0},"end":{"line":46,"column":18}},"46":{"start":{"line":47,"column":0},"end":{"line":47,"column":43}},"47":{"start":{"line":48,"column":0},"end":{"line":48,"column":5}},"48":{"start":{"line":49,"column":0},"end":{"line":49,"column":0}},"49":{"start":{"line":50,"column":0},"end":{"line":50,"column":35}},"50":{"start":{"line":51,"column":0},"end":{"line":51,"column":4}},"51":{"start":{"line":52,"column":0},"end":{"line":52,"column":2}}},"s":{"0":1,"1":1,"2":1,"3":1,"4":1,"5":1,"6":2,"7":2,"8":2,"9":2,"10":2,"11":2,"12":2,"13":1,"14":1,"15":2,"16":2,"17":2,"18":1,"19":1,"20":1,"21":1,"22":1,"23":1,"24":1,"25":1,"26":1,"27":2,"28":2,"29":2,"30":1,"31":1,"32":1,"33":1,"34":1,"35":1,"36":1,"37":1,"38":1,"39":1,"40":1,"41":1,"42":1,"43":2,"44":2,"45":2,"46":1,"47":1,"48":1,"49":1,"50":1,"51":1},"branchMap":{"0":{"type":"branch","line":6,"loc":{"start":{"line":6,"column":10},"end":{"line":14,"column":3}},"locations":[{"start":{"line":6,"column":10},"end":{"line":14,"column":3}}]},"1":{"type":"branch","line":9,"loc":{"start":{"line":9,"column":18},"end":{"line":9,"column":22}},"locations":[{"start":{"line":9,"column":18},"end":{"line":9,"column":22}}]},"2":{"type":"branch","line":9,"loc":{"start":{"line":9,"column":23},"end":{"line":9,"column":28}},"locations":[{"start":{"line":9,"column":23},"end":{"line":9,"column":28}}]},"3":{"type":"branch","line":15,"loc":{"start":{"line":15,"column":10},"end":{"line":26,"column":3}},"locations":[{"start":{"line":15,"column":10},"end":{"line":26,"column":3}}]},"4":{"type":"branch","line":18,"loc":{"start":{"line":18,"column":22},"end":{"line":26,"column":3}},"locations":[{"start":{"line":18,"column":22},"end":{"line":26,"column":3}}]},"5":{"type":"branch","line":16,"loc":{"start":{"line":16,"column":37},"end":{"line":16,"column":72}},"locations":[{"start":{"line":16,"column":37},"end":{"line":16,"column":72}}]},"6":{"type":"branch","line":27,"loc":{"start":{"line":27,"column":10},"end":{"line":38,"column":3}},"locations":[{"start":{"line":27,"column":10},"end":{"line":38,"column":3}}]},"7":{"type":"branch","line":30,"loc":{"start":{"line":30,"column":22},"end":{"line":38,"column":3}},"locations":[{"start":{"line":30,"column":22},"end":{"line":38,"column":3}}]},"8":{"type":"branch","line":28,"loc":{"start":{"line":28,"column":37},"end":{"line":28,"column":67}},"locations":[{"start":{"line":28,"column":37},"end":{"line":28,"column":67}}]},"9":{"type":"branch","line":39,"loc":{"start":{"line":39,"column":8},"end":{"line":42,"column":3}},"locations":[{"start":{"line":39,"column":8},"end":{"line":42,"column":3}}]},"10":{"type":"branch","line":43,"loc":{"start":{"line":43,"column":11},"end":{"line":51,"column":3}},"locations":[{"start":{"line":43,"column":11},"end":{"line":51,"column":3}}]},"11":{"type":"branch","line":46,"loc":{"start":{"line":46,"column":17},"end":{"line":51,"column":3}},"locations":[{"start":{"line":46,"column":17},"end":{"line":51,"column":3}}]},"12":{"type":"branch","line":44,"loc":{"start":{"line":44,"column":33},"end":{"line":44,"column":63}},"locations":[{"start":{"line":44,"column":33},"end":{"line":44,"column":63}}]}},"b":{"0":[2],"1":[1],"2":[1],"3":[2],"4":[1],"5":[3],"6":[2],"7":[1],"8":[2],"9":[1],"10":[2],"11":[1],"12":[3]},"fnMap":{"0":{"name":"create","decl":{"start":{"line":6,"column":10},"end":{"line":14,"column":3}},"loc":{"start":{"line":6,"column":10},"end":{"line":14,"column":3}},"line":6},"1":{"name":"update","decl":{"start":{"line":15,"column":10},"end":{"line":26,"column":3}},"loc":{"start":{"line":15,"column":10},"end":{"line":26,"column":3}},"line":15},"2":{"name":"delete","decl":{"start":{"line":27,"column":10},"end":{"line":38,"column":3}},"loc":{"start":{"line":27,"column":10},"end":{"line":38,"column":3}},"line":27},"3":{"name":"find","decl":{"start":{"line":39,"column":8},"end":{"line":42,"column":3}},"loc":{"start":{"line":39,"column":8},"end":{"line":42,"column":3}},"line":39},"4":{"name":"findOne","decl":{"start":{"line":43,"column":11},"end":{"line":51,"column":3}},"loc":{"start":{"line":43,"column":11},"end":{"line":51,"column":3}},"line":43}},"f":{"0":2,"1":2,"2":2,"3":1,"4":2}}
,"/Users/reeteshmac/Desktop/Personal-Projects/node-advanced/src/services/mockCatalog.service.ts": {"path":"/Users/reeteshmac/Desktop/Personal-Projects/node-advanced/src/services/mockCatalog.service.ts","all":false,"statementMap":{"0":{"start":{"line":1,"column":0},"end":{"line":1,"column":59}},"1":{"start":{"line":2,"column":0},"end":{"line":2,"column":77}},"2":{"start":{"line":3,"column":0},"end":{"line":3,"column":0}},"3":{"start":{"line":4,"column":0},"end":{"line":4,"column":38}},"4":{"start":{"line":5,"column":0},"end":{"line":5,"column":35}},"5":{"start":{"line":6,"column":0},"end":{"line":6,"column":39}},"6":{"start":{"line":7,"column":0},"end":{"line":7,"column":46}},"7":{"start":{"line":8,"column":0},"end":{"line":8,"column":64}},"8":{"start":{"line":9,"column":0},"end":{"line":9,"column":18}},"9":{"start":{"line":10,"column":0},"end":{"line":10,"column":4}},"10":{"start":{"line":11,"column":0},"end":{"line":11,"column":39}},"11":{"start":{"line":12,"column":0},"end":{"line":12,"column":46}},"12":{"start":{"line":13,"column":0},"end":{"line":13,"column":18}},"13":{"start":{"line":14,"column":0},"end":{"line":14,"column":4}},"14":{"start":{"line":15,"column":0},"end":{"line":15,"column":0}},"15":{"start":{"line":16,"column":0},"end":{"line":16,"column":35}},"16":{"start":{"line":17,"column":0},"end":{"line":17,"column":44}},"17":{"start":{"line":18,"column":0},"end":{"line":18,"column":18}},"18":{"start":{"line":19,"column":0},"end":{"line":19,"column":4}},"19":{"start":{"line":20,"column":0},"end":{"line":20,"column":0}},"20":{"start":{"line":21,"column":0},"end":{"line":21,"column":52}},"21":{"start":{"line":22,"column":0},"end":{"line":22,"column":53}},"22":{"start":{"line":23,"column":0},"end":{"line":23,"column":18}},"23":{"start":{"line":24,"column":0},"end":{"line":24,"column":4}},"24":{"start":{"line":25,"column":0},"end":{"line":25,"column":0}},"25":{"start":{"line":26,"column":0},"end":{"line":26,"column":32}},"26":{"start":{"line":27,"column":0},"end":{"line":27,"column":45}},"27":{"start":{"line":28,"column":0},"end":{"line":28,"column":18}},"28":{"start":{"line":29,"column":0},"end":{"line":29,"column":4}},"29":{"start":{"line":30,"column":0},"end":{"line":30,"column":2}}},"s":{"0":1,"1":1,"2":1,"3":1,"4":1,"5":1,"6":2,"7":2,"8":1,"9":2,"10":1,"11":2,"12":1,"13":2,"14":1,"15":1,"16":2,"17":1,"18":2,"19":1,"20":1,"21":1,"22":1,"23":1,"24":1,"25":1,"26":2,"27":1,"28":2,"29":1},"branchMap":{"0":{"type":"branch","line":6,"loc":{"start":{"line":6,"column":8},"end":{"line":10,"column":4}},"locations":[{"start":{"line":6,"column":8},"end":{"line":10,"column":4}}]},"1":{"type":"branch","line":8,"loc":{"start":{"line":8,"column":20},"end":{"line":10,"column":3}},"locations":[{"start":{"line":8,"column":20},"end":{"line":10,"column":3}}]},"2":{"type":"branch","line":11,"loc":{"start":{"line":11,"column":8},"end":{"line":14,"column":4}},"locations":[{"start":{"line":11,"column":8},"end":{"line":14,"column":4}}]},"3":{"type":"branch","line":13,"loc":{"start":{"line":13,"column":-1},"end":{"line":14,"column":3}},"locations":[{"start":{"line":13,"column":-1},"end":{"line":14,"column":3}}]},"4":{"type":"branch","line":16,"loc":{"start":{"line":16,"column":8},"end":{"line":19,"column":4}},"locations":[{"start":{"line":16,"column":8},"end":{"line":19,"column":4}}]},"5":{"type":"branch","line":18,"loc":{"start":{"line":18,"column":-1},"end":{"line":19,"column":3}},"locations":[{"start":{"line":18,"column":-1},"end":{"line":19,"column":3}}]},"6":{"type":"branch","line":21,"loc":{"start":{"line":21,"column":8},"end":{"line":24,"column":4}},"locations":[{"start":{"line":21,"column":8},"end":{"line":24,"column":4}}]},"7":{"type":"branch","line":26,"loc":{"start":{"line":26,"column":8},"end":{"line":29,"column":4}},"locations":[{"start":{"line":26,"column":8},"end":{"line":29,"column":4}}]},"8":{"type":"branch","line":28,"loc":{"start":{"line":28,"column":-1},"end":{"line":29,"column":3}},"locations":[{"start":{"line":28,"column":-1},"end":{"line":29,"column":3}}]}},"b":{"0":[2],"1":[1],"2":[2],"3":[1],"4":[2],"5":[1],"6":[1],"7":[2],"8":[1]},"fnMap":{"0":{"name":"createProduct","decl":{"start":{"line":6,"column":8},"end":{"line":10,"column":4}},"loc":{"start":{"line":6,"column":8},"end":{"line":10,"column":4}},"line":6},"1":{"name":"updateProduct","decl":{"start":{"line":11,"column":8},"end":{"line":14,"column":4}},"loc":{"start":{"line":11,"column":8},"end":{"line":14,"column":4}},"line":11},"2":{"name":"deleteProduct","decl":{"start":{"line":16,"column":8},"end":{"line":19,"column":4}},"loc":{"start":{"line":16,"column":8},"end":{"line":19,"column":4}},"line":16},"3":{"name":"getProducts","decl":{"start":{"line":21,"column":8},"end":{"line":24,"column":4}},"loc":{"start":{"line":21,"column":8},"end":{"line":24,"column":4}},"line":21},"4":{"name":"getProduct","decl":{"start":{"line":26,"column":8},"end":{"line":29,"column":4}},"loc":{"start":{"line":26,"column":8},"end":{"line":29,"column":4}},"line":26}},"f":{"0":2,"1":2,"2":2,"3":1,"4":2}}
}
