TN:
SF:src/repository/mockCatalog.repository.ts
FN:6,create
FN:15,update
FN:27,delete
FN:39,find
FN:43,findOne
FNF:5
FNH:5
FNDA:2,create
FNDA:2,update
FNDA:2,delete
FNDA:1,find
FNDA:2,findOne
DA:1,1
DA:2,1
DA:3,1
DA:4,1
DA:5,1
DA:6,1
DA:7,2
DA:8,2
DA:9,2
DA:10,2
DA:11,2
DA:12,2
DA:13,2
DA:14,1
DA:15,1
DA:16,2
DA:17,2
DA:18,2
DA:19,1
DA:20,1
DA:21,1
DA:22,1
DA:23,1
DA:24,1
DA:25,1
DA:26,1
DA:27,1
DA:28,2
DA:29,2
DA:30,2
DA:31,1
DA:32,1
DA:33,1
DA:34,1
DA:35,1
DA:36,1
DA:37,1
DA:38,1
DA:39,1
DA:40,1
DA:41,1
DA:42,1
DA:43,1
DA:44,2
DA:45,2
DA:46,2
DA:47,1
DA:48,1
DA:49,1
DA:50,1
DA:51,1
DA:52,1
LF:52
LH:52
BRDA:6,0,0,2
BRDA:9,1,0,1
BRDA:9,2,0,1
BRDA:15,3,0,2
BRDA:18,4,0,1
BRDA:16,5,0,3
BRDA:27,6,0,2
BRDA:30,7,0,1
BRDA:28,8,0,2
BRDA:39,9,0,1
BRDA:43,10,0,2
BRDA:46,11,0,1
BRDA:44,12,0,3
BRF:13
BRH:13
end_of_record
TN:
SF:src/services/mockCatalog.service.ts
FN:6,createProduct
FN:11,updateProduct
FN:16,deleteProduct
FN:21,getProducts
FN:26,getProduct
FNF:5
FNH:5
FNDA:2,createProduct
FNDA:2,updateProduct
FNDA:2,deleteProduct
FNDA:1,getProducts
FNDA:2,getProduct
DA:1,1
DA:2,1
DA:3,1
DA:4,1
DA:5,1
DA:6,1
DA:7,2
DA:8,2
DA:9,1
DA:10,2
DA:11,1
DA:12,2
DA:13,1
DA:14,2
DA:15,1
DA:16,1
DA:17,2
DA:18,1
DA:19,2
DA:20,1
DA:21,1
DA:22,1
DA:23,1
DA:24,1
DA:25,1
DA:26,1
DA:27,2
DA:28,1
DA:29,2
DA:30,1
LF:30
LH:30
BRDA:6,0,0,2
BRDA:8,1,0,1
BRDA:11,2,0,2
BRDA:13,3,0,1
BRDA:16,4,0,2
BRDA:18,5,0,1
BRDA:21,6,0,1
BRDA:26,7,0,2
BRDA:28,8,0,1
BRF:9
BRH:9
end_of_record
